A51 MACRO ASSEMBLER  UART                                                                 12/27/2020 17:41:09 PAGE     1


MACRO ASSEMBLER A51 V8.2.7.0
OBJECT MODULE PLACED IN .\Objects\uart.obj
ASSEMBLER INVOKED BY: C:\Keil_v5\C51\BIN\A51.EXE uart.a51 SET(SMALL) DEBUG PRINT(.\Listings\uart.lst) OBJECT(.\Objects\u
                      art.obj) EP

LOC  OBJ            LINE     SOURCE

                       1     ; Yazar            : Cengizhan Topcu
                       2     ; Gun              : 27  Aralik 2020                    
                       3     ; Dosya ismi       : uart.asm
                       4     ; Donanim          : AduC842
                       5     ; Aciklama         : "ASM" ifadesini UART haberlesmesiyle gönderme kodu
                       6     
                       7     $mod51                                 ; 8051 ON TANIMLAMASI YAPILDI
                       8             
  00D7                 9     PLLCON  DATA    0D7H                  ; PLL CONTROL REGISTER ADRESI
  00AF                10     T3CON   DATA    0AFH                  ; T3CON REGISTER ADRESI
  00B1                11     T3FD    DATA    0B1H                  ; T3FD REGISTER ADRESI
                      12     ;___________________________________________________________________________
                      13                                                                     ;ANA PROGRAM
----                  14     CSEG
0000                  15              ORG 0000H 
0000 75D700           16                 MOV    PLLCON,#00H            ; ISLEMCI 16.777 MHz AYARLANDI 
0003 75AF86           17                 MOV    T3CON,#86H             ; TIMER 3, 9600 BAUD-RATE 
0006 75B12D           18                     MOV    T3FD,#2DH              
0009 759852           19                     MOV    SCON,#52H              ; 9 BIT UART, REN VE TI IZINLERI
                      20                     
000C                  21     MAIN:
000C 7441             22                 MOV    A,#41H                 ; A HARFI GONDERILIYOR
000E 111A             23                     ACALL  SEND                   ; GONDERME ISLEMI
0010 7453             24                 MOV    A,#53H                 ; S HARFI GONDERILIYOR
0012 111A             25                     ACALL  SEND                   ; GONDERME ISLEMI
0014 744D             26                 MOV    A,#4DH                 ; M HARFI GONDERILIYOR
0016 111A             27                     ACALL  SEND                   ; GONDERME ISLEMI
0018 80F2             28                     SJMP   MAIN                   ; ISLEMIN TEKRARLANMASI SAGLANDI
                      29     ;____________________________________________________________________________
                      30                                                                      ;SUBROUTINES   
001A                  31     SEND:
001A 3099FD           32             JNB   TI,$                    ; GONDERME ISLEMININ BITMESINI BEKLE
001D C299             33                     CLR   TI                      ; KESME BAYRAGININ TEMIZLENMESI 
001F F599             34                     MOV   SBUF,A                  ; VERININ SBUF'DAN GONDERILMESI
0021 1124             35                     ACALL DELAY                   ; 10ms BEKLEMENIN OLUSTURULMASI
0023 22               36                     RET 
                      37     
0024                  38     DELAY:                                ; 10ms BEKLEMENIN ÜRETILMESI
                      39                             
0024 7D01             40                     MOV   R5,#1                   ; 10ms BEKLEMEYI URETECEK DEGERLERIN YUKLENME
                             SI
0026 7E1B             41     DLY0:   MOV   R6,#01BH
0028 7FFF             42     DLY1:   MOV   R7,#0FFH
002A DFFE             43             DJNZ  R7,$                    ; IC ICE DONGULERIN OLUSTURULMASI
002C DEFA             44                     DJNZ  R6,DLY1
002E DDF6             45                     DJNZ  R5,DLY0
0030 22               46                     RET
                      47     ;___________________________________________________________________________________    
                      48     END 
A51 MACRO ASSEMBLER  UART                                                                 12/27/2020 17:41:09 PAGE     2

SYMBOL TABLE LISTING
------ ----- -------


N A M E             T Y P E  V A L U E   ATTRIBUTES

DELAY. . . . . . .  C ADDR   0024H   A   
DLY0 . . . . . . .  C ADDR   0026H   A   
DLY1 . . . . . . .  C ADDR   0028H   A   
MAIN . . . . . . .  C ADDR   000CH   A   
PLLCON . . . . . .  D ADDR   00D7H   A   
SBUF . . . . . . .  D ADDR   0099H   A   
SCON . . . . . . .  D ADDR   0098H   A   
SEND . . . . . . .  C ADDR   001AH   A   
T3CON. . . . . . .  D ADDR   00AFH   A   
T3FD . . . . . . .  D ADDR   00B1H   A   
TI . . . . . . . .  B ADDR   0098H.1 A   


REGISTER BANK(S) USED: 0 


ASSEMBLY COMPLETE.  0 WARNING(S), 0 ERROR(S)
