A51 MACRO ASSEMBLER  TIMER                                                                12/08/2020 18:45:53 PAGE     1


MACRO ASSEMBLER A51 V8.2.7.0
OBJECT MODULE PLACED IN .\Objects\timer.obj
ASSEMBLER INVOKED BY: C:\Keil_v5\C51\BIN\A51.EXE timer.a51 SET(SMALL) DEBUG PRINT(.\Listings\timer.lst) OBJECT(.\Objects
                      \timer.obj) EP

LOC  OBJ            LINE     SOURCE

                       1     ; Yazar            : Cengizhan Topcu
                       2     ; Gun              : 08 Aralik 2020                    
                       3     ; Dosya ismi       : timer.asm
                       4     ; Donanim          : AduC842
                       5     ; Aciklama         : P3.4 pininden Timer 1 Mod 1 ile 1KHz freakansina sahip %50 doluluk ora
                             niyla 
                       6     ;                    kare dalga uretimi
                       7     
                       8     $mod51                                 ; 8051 ON TANIMLAMASI YAPILDI
                       9             
  00B4                10     LED     EQU     P3.4                  ; P3.4 LED DEGISKENI
  00D7                11     PLLCON  DATA    0D7H                  ; PLL CONTROL REGISTER ADRESI
                      12             
                      13     ;___________________________________________________________________________________   
                      14                                                                             ;ANA PROGRAM
----                  15     CSEG
0000                  16                 ORG 0000H 
                      17             
0000 75D703           18                 MOV    PLLCON,#03H            ; ISLEMCI 2.097 MHz AYARLANDI >> 3 osc_clock
0003 758901           19                 MOV    TMOD,#01               ; TIMER 0 VE MODE 1 SECILDI
                      20             
0006                  21     HERE:
0006 758A00           22             MOV    TL0,#00H               ; TL0'A HESAPLANAN DEGERIN YUKLENMESI
0009 758CFC           23                     MOV    TH0,#0FCH              ; THO'A HESAPLANAN DEGERIN YUKLENMESI
000C B2B4             24                     CPL    LED                    ; TOGGLE ISLEMI 
000E 1112             25                     ACALL  DELAY                  ; TIMER BASLATILMASI >> 2 osc_clock
0010 80F4             26                     SJMP   HERE                   ; SINSUZ DONGUNUN YAPILMASI >> 3 osc_clock
                      27     ;___________________________________________________________________________________
                      28                                                                                     ;SUBROUTINES
0012                  29     DELAY:
0012 D28C             30             SETB   TR0                    ; TIMER 0 IN BASLATILMASI >> 2 osc_clock
                      31        
0014                  32     AGAIN:
0014 308DFD           33             JNB    TF0,AGAIN              ; TFO FLAG TAKIBI >> 4 osc_clock  
0017 C28C             34             CLR    TR0                    ; TIMER 0 FLAG TEMIZLENMESI >> 2 osc_clock       
0019 C28D             35             CLR    TF0                    ; TIMER 0 FLAG TEMIZLENMESI >> 2 osc_clock  
001B 22               36             RET                           ; >> 4 osc_clock 
                      37     ;___________________________________________________________________________________    
                      38     END
A51 MACRO ASSEMBLER  TIMER                                                                12/08/2020 18:45:53 PAGE     2

SYMBOL TABLE LISTING
------ ----- -------


N A M E             T Y P E  V A L U E   ATTRIBUTES

AGAIN. . . . . . .  C ADDR   0014H   A   
DELAY. . . . . . .  C ADDR   0012H   A   
HERE . . . . . . .  C ADDR   0006H   A   
LED. . . . . . . .  B ADDR   00B0H.4 A   
P3 . . . . . . . .  D ADDR   00B0H   A   
PLLCON . . . . . .  D ADDR   00D7H   A   
TF0. . . . . . . .  B ADDR   0088H.5 A   
TH0. . . . . . . .  D ADDR   008CH   A   
TL0. . . . . . . .  D ADDR   008AH   A   
TMOD . . . . . . .  D ADDR   0089H   A   
TR0. . . . . . . .  B ADDR   0088H.4 A   


REGISTER BANK(S) USED: 0 


ASSEMBLY COMPLETE.  0 WARNING(S), 0 ERROR(S)
