A51 MACRO ASSEMBLER  BUTTON_LED                                                           11/18/2020 12:41:29 PAGE     1


MACRO ASSEMBLER A51 V8.2.7.0
OBJECT MODULE PLACED IN .\Objects\button_led.obj
ASSEMBLER INVOKED BY: C:\Keil_v5\C51\BIN\A51.EXE button_led.a51 SET(SMALL) DEBUG PRINT(.\Listings\button_led.lst) OBJECT
                      (.\Objects\button_led.obj) EP

LOC  OBJ            LINE     SOURCE

                       1     ; Yazar            : Cengizhan Topcu
                       2     ; Gun              : 17 Kasim 2020                    
                       3     ; Dosya ismi       : button_led.a51 
                       4     ; Donanim          : AduC842
                       5     ; Aciklama         : Buton kontrollu Led ornegi
                       6     
                       7     $mod51                                  ; 8051 ON TANIMLAMASI YAPILDI
                       8     
  00B4                 9     LED     EQU     P3.4                   ; lED TANIMLAMASI YAPILDI
  00B2                10     BUTTON  EQU     P3.2                   ; BUTTON TANIMLAMASI YAPILDI
                      11             
----                  12     CSEG
0000                  13             ORG 0000H 
                      14                     
0000 75B0FF           15              MOV    P3,#0FFH                   ; P3 GIRIS OLARAK TANIMLANDI
                      16              
0003                  17     CONTROL:
0003 A2B2             18          MOV    C,BUTTON                   ; BUTTON BASILDIYSA CARRY BITINE YUKLE
0005 4004             19              JC     LED_ON                     ; BUTTON BASILMISSA LED_ON ETIKETINE GIDER, BASI
                             LMADIYSA ALT SATIRDAN DEVAM EDER
0007 D2B4             20              SETB   LED                        ; LED SONER
0009 80F8             21              JMP    CONTROL                    ; CONTROL DONGUSUNE GERI DON
                      22              
000B                  23     LED_ON:
000B C2B4             24          CLR    LED                        ; LED YANAR
000D 80F4             25              JMP    CONTROL                    ; CONTROL DONGUSUNE GERI DON
                      26             
                      27     END 
                                     
A51 MACRO ASSEMBLER  BUTTON_LED                                                           11/18/2020 12:41:29 PAGE     2

SYMBOL TABLE LISTING
------ ----- -------


N A M E             T Y P E  V A L U E   ATTRIBUTES

BUTTON . . . . . .  B ADDR   00B0H.2 A   
CONTROL. . . . . .  C ADDR   0003H   A   
LED. . . . . . . .  B ADDR   00B0H.4 A   
LED_ON . . . . . .  C ADDR   000BH   A   
P3 . . . . . . . .  D ADDR   00B0H   A   


REGISTER BANK(S) USED: 0 


ASSEMBLY COMPLETE.  0 WARNING(S), 0 ERROR(S)
